2022-10-05 10:01:22,224  INFO [main] SetUp:84 - Report status initiated
2022-10-05 10:01:31,693  INFO [main] SetUp:108 - enter testReportResult method 
2022-10-05 10:01:32,055 ERROR [main] SetUp:150 - java.lang.NullPointerException: Cannot invoke "com.NopCommerce.api.testdata.APITestData.generateFakePostData()" because "this.apitestdataObj" is null
2022-10-05 10:01:32,059  INFO [main] SetUp:108 - enter testReportResult method 
2022-10-05 10:01:32,381 ERROR [main] SetUp:217 - java.lang.NullPointerException: Cannot invoke "com.NopCommerce.api.testdata.APITestData.generateFakePostData()" because "this.apitestdataObj" is null
2022-10-05 10:01:32,385  INFO [main] SetUp:108 - enter testReportResult method 
2022-10-05 10:01:32,729 ERROR [main] SetUp:278 - java.lang.NullPointerException: Cannot invoke "com.NopCommerce.api.testdata.APITestData.generateFakePostData()" because "this.apitestdataObj" is null
2022-10-05 10:01:32,733  INFO [main] SetUp:108 - enter testReportResult method 
2022-10-05 10:01:32,808 DEBUG [main] cache:44 - Couldn't find template in cache for "spark/spark.spa.ftl"("en_IN", UTF-8, parsed); will try to load it.
2022-10-05 10:01:32,810 DEBUG [main] cache:44 - TemplateLoader.findTemplateSource("spark/spark.spa_en_IN.ftl"): Not found
2022-10-05 10:01:32,812 DEBUG [main] cache:44 - TemplateLoader.findTemplateSource("spark/spark.spa_en.ftl"): Not found
2022-10-05 10:01:32,814 DEBUG [main] cache:44 - TemplateLoader.findTemplateSource("spark/spark.spa.ftl"): Found
2022-10-05 10:01:32,814 DEBUG [main] cache:44 - Loading template for "spark/spark.spa.ftl"("en_IN", UTF-8, parsed) from "jar:file:/C:/Users/haseef.rawthar/.m2/repository/com/aventstack/extentreports/4.1.5/extentreports-4.1.5.jar!/com/aventstack/extentreports/view/spark/spark.spa.ftl"
2022-10-05 10:01:33,034 DEBUG [main] cache:44 - Couldn't find template in cache for "commons/commons-variables.ftl"("en_IN", UTF-8, parsed); will try to load it.
2022-10-05 10:01:33,035 DEBUG [main] cache:44 - TemplateLoader.findTemplateSource("commons/commons-variables_en_IN.ftl"): Not found
2022-10-05 10:01:33,035 DEBUG [main] cache:44 - TemplateLoader.findTemplateSource("commons/commons-variables_en.ftl"): Not found
2022-10-05 10:01:33,036 DEBUG [main] cache:44 - TemplateLoader.findTemplateSource("commons/commons-variables.ftl"): Found
2022-10-05 10:01:33,037 DEBUG [main] cache:44 - Loading template for "commons/commons-variables.ftl"("en_IN", UTF-8, parsed) from "jar:file:/C:/Users/haseef.rawthar/.m2/repository/com/aventstack/extentreports/4.1.5/extentreports-4.1.5.jar!/com/aventstack/extentreports/view/commons/commons-variables.ftl"
2022-10-05 10:01:33,078 DEBUG [main] cache:44 - Couldn't find template in cache for "commons/commons-macros.ftl"("en_IN", UTF-8, parsed); will try to load it.
2022-10-05 10:01:33,079 DEBUG [main] cache:44 - TemplateLoader.findTemplateSource("commons/commons-macros_en_IN.ftl"): Not found
2022-10-05 10:01:33,079 DEBUG [main] cache:44 - TemplateLoader.findTemplateSource("commons/commons-macros_en.ftl"): Not found
2022-10-05 10:01:33,080 DEBUG [main] cache:44 - TemplateLoader.findTemplateSource("commons/commons-macros.ftl"): Found
2022-10-05 10:01:33,080 DEBUG [main] cache:44 - Loading template for "commons/commons-macros.ftl"("en_IN", UTF-8, parsed) from "jar:file:/C:/Users/haseef.rawthar/.m2/repository/com/aventstack/extentreports/4.1.5/extentreports-4.1.5.jar!/com/aventstack/extentreports/view/commons/commons-macros.ftl"
2022-10-05 10:01:33,090 DEBUG [main] cache:44 - Couldn't find template in cache for "spark/macros/attributes.ftl"("en_IN", UTF-8, parsed); will try to load it.
2022-10-05 10:01:33,091 DEBUG [main] cache:44 - TemplateLoader.findTemplateSource("spark/macros/attributes_en_IN.ftl"): Not found
2022-10-05 10:01:33,091 DEBUG [main] cache:44 - TemplateLoader.findTemplateSource("spark/macros/attributes_en.ftl"): Not found
2022-10-05 10:01:33,092 DEBUG [main] cache:44 - TemplateLoader.findTemplateSource("spark/macros/attributes.ftl"): Found
2022-10-05 10:01:33,092 DEBUG [main] cache:44 - Loading template for "spark/macros/attributes.ftl"("en_IN", UTF-8, parsed) from "jar:file:/C:/Users/haseef.rawthar/.m2/repository/com/aventstack/extentreports/4.1.5/extentreports-4.1.5.jar!/com/aventstack/extentreports/view/spark/macros/attributes.ftl"
2022-10-05 10:01:33,094 DEBUG [main] cache:44 - Couldn't find template in cache for "spark/macros/log.ftl"("en_IN", UTF-8, parsed); will try to load it.
2022-10-05 10:01:33,094 DEBUG [main] cache:44 - TemplateLoader.findTemplateSource("spark/macros/log_en_IN.ftl"): Not found
2022-10-05 10:01:33,095 DEBUG [main] cache:44 - TemplateLoader.findTemplateSource("spark/macros/log_en.ftl"): Not found
2022-10-05 10:01:33,095 DEBUG [main] cache:44 - TemplateLoader.findTemplateSource("spark/macros/log.ftl"): Found
2022-10-05 10:01:33,095 DEBUG [main] cache:44 - Loading template for "spark/macros/log.ftl"("en_IN", UTF-8, parsed) from "jar:file:/C:/Users/haseef.rawthar/.m2/repository/com/aventstack/extentreports/4.1.5/extentreports-4.1.5.jar!/com/aventstack/extentreports/view/spark/macros/log.ftl"
2022-10-05 10:01:33,097 DEBUG [main] cache:44 - Couldn't find template in cache for "spark/macros/recurse_nodes.ftl"("en_IN", UTF-8, parsed); will try to load it.
2022-10-05 10:01:33,098 DEBUG [main] cache:44 - TemplateLoader.findTemplateSource("spark/macros/recurse_nodes_en_IN.ftl"): Not found
2022-10-05 10:01:33,099 DEBUG [main] cache:44 - TemplateLoader.findTemplateSource("spark/macros/recurse_nodes_en.ftl"): Not found
2022-10-05 10:01:33,099 DEBUG [main] cache:44 - TemplateLoader.findTemplateSource("spark/macros/recurse_nodes.ftl"): Found
2022-10-05 10:01:33,099 DEBUG [main] cache:44 - Loading template for "spark/macros/recurse_nodes.ftl"("en_IN", UTF-8, parsed) from "jar:file:/C:/Users/haseef.rawthar/.m2/repository/com/aventstack/extentreports/4.1.5/extentreports-4.1.5.jar!/com/aventstack/extentreports/view/spark/macros/recurse_nodes.ftl"
2022-10-05 10:01:33,102 DEBUG [main] cache:44 - "spark/macros/log.ftl"("en_IN", UTF-8, parsed) cached copy not yet stale; using cached.
2022-10-05 10:01:33,105 DEBUG [main] cache:44 - Couldn't find template in cache for "spark/partials/head.ftl"("en_IN", UTF-8, parsed); will try to load it.
2022-10-05 10:01:33,106 DEBUG [main] cache:44 - TemplateLoader.findTemplateSource("spark/partials/head_en_IN.ftl"): Not found
2022-10-05 10:01:33,107 DEBUG [main] cache:44 - TemplateLoader.findTemplateSource("spark/partials/head_en.ftl"): Not found
2022-10-05 10:01:33,107 DEBUG [main] cache:44 - TemplateLoader.findTemplateSource("spark/partials/head.ftl"): Found
2022-10-05 10:01:33,107 DEBUG [main] cache:44 - Loading template for "spark/partials/head.ftl"("en_IN", UTF-8, parsed) from "jar:file:/C:/Users/haseef.rawthar/.m2/repository/com/aventstack/extentreports/4.1.5/extentreports-4.1.5.jar!/com/aventstack/extentreports/view/spark/partials/head.ftl"
2022-10-05 10:01:33,110 DEBUG [main] cache:44 - Couldn't find template in cache for "commons/commons-inject-css.ftl"("en_IN", UTF-8, parsed); will try to load it.
2022-10-05 10:01:33,110 DEBUG [main] cache:44 - TemplateLoader.findTemplateSource("commons/commons-inject-css_en_IN.ftl"): Not found
2022-10-05 10:01:33,111 DEBUG [main] cache:44 - TemplateLoader.findTemplateSource("commons/commons-inject-css_en.ftl"): Not found
2022-10-05 10:01:33,111 DEBUG [main] cache:44 - TemplateLoader.findTemplateSource("commons/commons-inject-css.ftl"): Found
2022-10-05 10:01:33,112 DEBUG [main] cache:44 - Loading template for "commons/commons-inject-css.ftl"("en_IN", UTF-8, parsed) from "jar:file:/C:/Users/haseef.rawthar/.m2/repository/com/aventstack/extentreports/4.1.5/extentreports-4.1.5.jar!/com/aventstack/extentreports/view/commons/commons-inject-css.ftl"
2022-10-05 10:01:33,113 DEBUG [main] cache:44 - Couldn't find template in cache for "spark/partials/navbar.ftl"("en_IN", UTF-8, parsed); will try to load it.
2022-10-05 10:01:33,113 DEBUG [main] cache:44 - TemplateLoader.findTemplateSource("spark/partials/navbar_en_IN.ftl"): Not found
2022-10-05 10:01:33,114 DEBUG [main] cache:44 - TemplateLoader.findTemplateSource("spark/partials/navbar_en.ftl"): Not found
2022-10-05 10:01:33,115 DEBUG [main] cache:44 - TemplateLoader.findTemplateSource("spark/partials/navbar.ftl"): Found
2022-10-05 10:01:33,115 DEBUG [main] cache:44 - Loading template for "spark/partials/navbar.ftl"("en_IN", UTF-8, parsed) from "jar:file:/C:/Users/haseef.rawthar/.m2/repository/com/aventstack/extentreports/4.1.5/extentreports-4.1.5.jar!/com/aventstack/extentreports/view/spark/partials/navbar.ftl"
2022-10-05 10:01:33,121 DEBUG [main] cache:44 - Couldn't find template in cache for "spark/partials/sidenav.ftl"("en_IN", UTF-8, parsed); will try to load it.
2022-10-05 10:01:33,122 DEBUG [main] cache:44 - TemplateLoader.findTemplateSource("spark/partials/sidenav_en_IN.ftl"): Not found
2022-10-05 10:01:33,122 DEBUG [main] cache:44 - TemplateLoader.findTemplateSource("spark/partials/sidenav_en.ftl"): Not found
2022-10-05 10:01:33,123 DEBUG [main] cache:44 - TemplateLoader.findTemplateSource("spark/partials/sidenav.ftl"): Found
2022-10-05 10:01:33,123 DEBUG [main] cache:44 - Loading template for "spark/partials/sidenav.ftl"("en_IN", UTF-8, parsed) from "jar:file:/C:/Users/haseef.rawthar/.m2/repository/com/aventstack/extentreports/4.1.5/extentreports-4.1.5.jar!/com/aventstack/extentreports/view/spark/partials/sidenav.ftl"
2022-10-05 10:01:33,125 DEBUG [main] cache:44 - Couldn't find template in cache for "spark/partials/test.ftl"("en_IN", UTF-8, parsed); will try to load it.
2022-10-05 10:01:33,125 DEBUG [main] cache:44 - TemplateLoader.findTemplateSource("spark/partials/test_en_IN.ftl"): Not found
2022-10-05 10:01:33,126 DEBUG [main] cache:44 - TemplateLoader.findTemplateSource("spark/partials/test_en.ftl"): Not found
2022-10-05 10:01:33,126 DEBUG [main] cache:44 - TemplateLoader.findTemplateSource("spark/partials/test.ftl"): Found
2022-10-05 10:01:33,126 DEBUG [main] cache:44 - Loading template for "spark/partials/test.ftl"("en_IN", UTF-8, parsed) from "jar:file:/C:/Users/haseef.rawthar/.m2/repository/com/aventstack/extentreports/4.1.5/extentreports-4.1.5.jar!/com/aventstack/extentreports/view/spark/partials/test.ftl"
2022-10-05 10:01:33,147 DEBUG [main] cache:44 - Couldn't find template in cache for "spark/partials/standard-content.ftl"("en_IN", UTF-8, parsed); will try to load it.
2022-10-05 10:01:33,148 DEBUG [main] cache:44 - TemplateLoader.findTemplateSource("spark/partials/standard-content_en_IN.ftl"): Not found
2022-10-05 10:01:33,149 DEBUG [main] cache:44 - TemplateLoader.findTemplateSource("spark/partials/standard-content_en.ftl"): Not found
2022-10-05 10:01:33,149 DEBUG [main] cache:44 - TemplateLoader.findTemplateSource("spark/partials/standard-content.ftl"): Found
2022-10-05 10:01:33,149 DEBUG [main] cache:44 - Loading template for "spark/partials/standard-content.ftl"("en_IN", UTF-8, parsed) from "jar:file:/C:/Users/haseef.rawthar/.m2/repository/com/aventstack/extentreports/4.1.5/extentreports-4.1.5.jar!/com/aventstack/extentreports/view/spark/partials/standard-content.ftl"
2022-10-05 10:01:33,154 DEBUG [main] cache:44 - Couldn't find template in cache for "spark/partials/tag.ftl"("en_IN", UTF-8, parsed); will try to load it.
2022-10-05 10:01:33,155 DEBUG [main] cache:44 - TemplateLoader.findTemplateSource("spark/partials/tag_en_IN.ftl"): Not found
2022-10-05 10:01:33,155 DEBUG [main] cache:44 - TemplateLoader.findTemplateSource("spark/partials/tag_en.ftl"): Not found
2022-10-05 10:01:33,156 DEBUG [main] cache:44 - TemplateLoader.findTemplateSource("spark/partials/tag.ftl"): Found
2022-10-05 10:01:33,156 DEBUG [main] cache:44 - Loading template for "spark/partials/tag.ftl"("en_IN", UTF-8, parsed) from "jar:file:/C:/Users/haseef.rawthar/.m2/repository/com/aventstack/extentreports/4.1.5/extentreports-4.1.5.jar!/com/aventstack/extentreports/view/spark/partials/tag.ftl"
2022-10-05 10:01:33,161 DEBUG [main] cache:44 - Couldn't find template in cache for "spark/partials/dashboard.ftl"("en_IN", UTF-8, parsed); will try to load it.
2022-10-05 10:01:33,162 DEBUG [main] cache:44 - TemplateLoader.findTemplateSource("spark/partials/dashboard_en_IN.ftl"): Not found
2022-10-05 10:01:33,163 DEBUG [main] cache:44 - TemplateLoader.findTemplateSource("spark/partials/dashboard_en.ftl"): Not found
2022-10-05 10:01:33,164 DEBUG [main] cache:44 - TemplateLoader.findTemplateSource("spark/partials/dashboard.ftl"): Found
2022-10-05 10:01:33,164 DEBUG [main] cache:44 - Loading template for "spark/partials/dashboard.ftl"("en_IN", UTF-8, parsed) from "jar:file:/C:/Users/haseef.rawthar/.m2/repository/com/aventstack/extentreports/4.1.5/extentreports-4.1.5.jar!/com/aventstack/extentreports/view/spark/partials/dashboard.ftl"
2022-10-05 10:01:33,196 DEBUG [main] cache:44 - Couldn't find template in cache for "spark/partials/scripts.ftl"("en_IN", UTF-8, parsed); will try to load it.
2022-10-05 10:01:33,197 DEBUG [main] cache:44 - TemplateLoader.findTemplateSource("spark/partials/scripts_en_IN.ftl"): Not found
2022-10-05 10:01:33,198 DEBUG [main] cache:44 - TemplateLoader.findTemplateSource("spark/partials/scripts_en.ftl"): Not found
2022-10-05 10:01:33,199 DEBUG [main] cache:44 - TemplateLoader.findTemplateSource("spark/partials/scripts.ftl"): Found
2022-10-05 10:01:33,200 DEBUG [main] cache:44 - Loading template for "spark/partials/scripts.ftl"("en_IN", UTF-8, parsed) from "jar:file:/C:/Users/haseef.rawthar/.m2/repository/com/aventstack/extentreports/4.1.5/extentreports-4.1.5.jar!/com/aventstack/extentreports/view/spark/partials/scripts.ftl"
2022-10-05 10:01:33,202 DEBUG [main] cache:44 - Couldn't find template in cache for "commons/commons-inject-js.ftl"("en_IN", UTF-8, parsed); will try to load it.
2022-10-05 10:01:33,202 DEBUG [main] cache:44 - TemplateLoader.findTemplateSource("commons/commons-inject-js_en_IN.ftl"): Not found
2022-10-05 10:01:33,203 DEBUG [main] cache:44 - TemplateLoader.findTemplateSource("commons/commons-inject-js_en.ftl"): Not found
2022-10-05 10:01:33,203 DEBUG [main] cache:44 - TemplateLoader.findTemplateSource("commons/commons-inject-js.ftl"): Found
2022-10-05 10:01:33,203 DEBUG [main] cache:44 - Loading template for "commons/commons-inject-js.ftl"("en_IN", UTF-8, parsed) from "jar:file:/C:/Users/haseef.rawthar/.m2/repository/com/aventstack/extentreports/4.1.5/extentreports-4.1.5.jar!/com/aventstack/extentreports/view/commons/commons-inject-js.ftl"
