2022-10-05 10:16:22,836  INFO [main] SetUp:31 - Entered readExcel method
2022-10-05 10:16:27,746  INFO [main] SetUp:62 - Entered writeCell method
2022-10-05 10:16:27,873  INFO [main] SetUp:62 - Entered writeCell method
2022-10-05 10:16:27,902  INFO [main] SetUp:62 - Entered writeCell method
2022-10-05 10:16:27,933  INFO [main] SetUp:48 - Entered getValue method
2022-10-05 10:16:27,935  INFO [main] SetUp:48 - Entered getValue method
2022-10-05 10:16:27,935  INFO [main] SetUp:48 - Entered getValue method
2022-10-05 10:16:27,936  INFO [main] SetUp:48 - Entered getValue method
2022-10-05 10:16:27,937  INFO [main] SetUp:48 - Entered getValue method
2022-10-05 10:16:30,168  INFO [main] SetUp:138 - enter testReportResult method 
2022-10-05 10:16:30,235 DEBUG [main] cache:44 - Couldn't find template in cache for "spark/spark.spa.ftl"("en_IN", UTF-8, parsed); will try to load it.
2022-10-05 10:16:30,236 DEBUG [main] cache:44 - TemplateLoader.findTemplateSource("spark/spark.spa_en_IN.ftl"): Not found
2022-10-05 10:16:30,237 DEBUG [main] cache:44 - TemplateLoader.findTemplateSource("spark/spark.spa_en.ftl"): Not found
2022-10-05 10:16:30,237 DEBUG [main] cache:44 - TemplateLoader.findTemplateSource("spark/spark.spa.ftl"): Found
2022-10-05 10:16:30,238 DEBUG [main] cache:44 - Loading template for "spark/spark.spa.ftl"("en_IN", UTF-8, parsed) from "jar:file:/C:/Users/haseef.rawthar/.m2/repository/com/aventstack/extentreports/4.1.5/extentreports-4.1.5.jar!/com/aventstack/extentreports/view/spark/spark.spa.ftl"
2022-10-05 10:16:30,404 DEBUG [main] cache:44 - Couldn't find template in cache for "commons/commons-variables.ftl"("en_IN", UTF-8, parsed); will try to load it.
2022-10-05 10:16:30,404 DEBUG [main] cache:44 - TemplateLoader.findTemplateSource("commons/commons-variables_en_IN.ftl"): Not found
2022-10-05 10:16:30,405 DEBUG [main] cache:44 - TemplateLoader.findTemplateSource("commons/commons-variables_en.ftl"): Not found
2022-10-05 10:16:30,406 DEBUG [main] cache:44 - TemplateLoader.findTemplateSource("commons/commons-variables.ftl"): Found
2022-10-05 10:16:30,406 DEBUG [main] cache:44 - Loading template for "commons/commons-variables.ftl"("en_IN", UTF-8, parsed) from "jar:file:/C:/Users/haseef.rawthar/.m2/repository/com/aventstack/extentreports/4.1.5/extentreports-4.1.5.jar!/com/aventstack/extentreports/view/commons/commons-variables.ftl"
2022-10-05 10:16:30,484 DEBUG [main] cache:44 - Couldn't find template in cache for "commons/commons-macros.ftl"("en_IN", UTF-8, parsed); will try to load it.
2022-10-05 10:16:30,485 DEBUG [main] cache:44 - TemplateLoader.findTemplateSource("commons/commons-macros_en_IN.ftl"): Not found
2022-10-05 10:16:30,486 DEBUG [main] cache:44 - TemplateLoader.findTemplateSource("commons/commons-macros_en.ftl"): Not found
2022-10-05 10:16:30,486 DEBUG [main] cache:44 - TemplateLoader.findTemplateSource("commons/commons-macros.ftl"): Found
2022-10-05 10:16:30,487 DEBUG [main] cache:44 - Loading template for "commons/commons-macros.ftl"("en_IN", UTF-8, parsed) from "jar:file:/C:/Users/haseef.rawthar/.m2/repository/com/aventstack/extentreports/4.1.5/extentreports-4.1.5.jar!/com/aventstack/extentreports/view/commons/commons-macros.ftl"
2022-10-05 10:16:30,496 DEBUG [main] cache:44 - Couldn't find template in cache for "spark/macros/attributes.ftl"("en_IN", UTF-8, parsed); will try to load it.
2022-10-05 10:16:30,498 DEBUG [main] cache:44 - TemplateLoader.findTemplateSource("spark/macros/attributes_en_IN.ftl"): Not found
2022-10-05 10:16:30,498 DEBUG [main] cache:44 - TemplateLoader.findTemplateSource("spark/macros/attributes_en.ftl"): Not found
2022-10-05 10:16:30,499 DEBUG [main] cache:44 - TemplateLoader.findTemplateSource("spark/macros/attributes.ftl"): Found
2022-10-05 10:16:30,499 DEBUG [main] cache:44 - Loading template for "spark/macros/attributes.ftl"("en_IN", UTF-8, parsed) from "jar:file:/C:/Users/haseef.rawthar/.m2/repository/com/aventstack/extentreports/4.1.5/extentreports-4.1.5.jar!/com/aventstack/extentreports/view/spark/macros/attributes.ftl"
2022-10-05 10:16:30,503 DEBUG [main] cache:44 - Couldn't find template in cache for "spark/macros/log.ftl"("en_IN", UTF-8, parsed); will try to load it.
2022-10-05 10:16:30,503 DEBUG [main] cache:44 - TemplateLoader.findTemplateSource("spark/macros/log_en_IN.ftl"): Not found
2022-10-05 10:16:30,504 DEBUG [main] cache:44 - TemplateLoader.findTemplateSource("spark/macros/log_en.ftl"): Not found
2022-10-05 10:16:30,504 DEBUG [main] cache:44 - TemplateLoader.findTemplateSource("spark/macros/log.ftl"): Found
2022-10-05 10:16:30,504 DEBUG [main] cache:44 - Loading template for "spark/macros/log.ftl"("en_IN", UTF-8, parsed) from "jar:file:/C:/Users/haseef.rawthar/.m2/repository/com/aventstack/extentreports/4.1.5/extentreports-4.1.5.jar!/com/aventstack/extentreports/view/spark/macros/log.ftl"
2022-10-05 10:16:30,506 DEBUG [main] cache:44 - Couldn't find template in cache for "spark/macros/recurse_nodes.ftl"("en_IN", UTF-8, parsed); will try to load it.
2022-10-05 10:16:30,506 DEBUG [main] cache:44 - TemplateLoader.findTemplateSource("spark/macros/recurse_nodes_en_IN.ftl"): Not found
2022-10-05 10:16:30,507 DEBUG [main] cache:44 - TemplateLoader.findTemplateSource("spark/macros/recurse_nodes_en.ftl"): Not found
2022-10-05 10:16:30,507 DEBUG [main] cache:44 - TemplateLoader.findTemplateSource("spark/macros/recurse_nodes.ftl"): Found
2022-10-05 10:16:30,507 DEBUG [main] cache:44 - Loading template for "spark/macros/recurse_nodes.ftl"("en_IN", UTF-8, parsed) from "jar:file:/C:/Users/haseef.rawthar/.m2/repository/com/aventstack/extentreports/4.1.5/extentreports-4.1.5.jar!/com/aventstack/extentreports/view/spark/macros/recurse_nodes.ftl"
2022-10-05 10:16:30,509 DEBUG [main] cache:44 - "spark/macros/log.ftl"("en_IN", UTF-8, parsed) cached copy not yet stale; using cached.
2022-10-05 10:16:30,512 DEBUG [main] cache:44 - Couldn't find template in cache for "spark/partials/head.ftl"("en_IN", UTF-8, parsed); will try to load it.
2022-10-05 10:16:30,513 DEBUG [main] cache:44 - TemplateLoader.findTemplateSource("spark/partials/head_en_IN.ftl"): Not found
2022-10-05 10:16:30,513 DEBUG [main] cache:44 - TemplateLoader.findTemplateSource("spark/partials/head_en.ftl"): Not found
2022-10-05 10:16:30,513 DEBUG [main] cache:44 - TemplateLoader.findTemplateSource("spark/partials/head.ftl"): Found
2022-10-05 10:16:30,514 DEBUG [main] cache:44 - Loading template for "spark/partials/head.ftl"("en_IN", UTF-8, parsed) from "jar:file:/C:/Users/haseef.rawthar/.m2/repository/com/aventstack/extentreports/4.1.5/extentreports-4.1.5.jar!/com/aventstack/extentreports/view/spark/partials/head.ftl"
2022-10-05 10:16:30,518 DEBUG [main] cache:44 - Couldn't find template in cache for "commons/commons-inject-css.ftl"("en_IN", UTF-8, parsed); will try to load it.
2022-10-05 10:16:30,519 DEBUG [main] cache:44 - TemplateLoader.findTemplateSource("commons/commons-inject-css_en_IN.ftl"): Not found
2022-10-05 10:16:30,519 DEBUG [main] cache:44 - TemplateLoader.findTemplateSource("commons/commons-inject-css_en.ftl"): Not found
2022-10-05 10:16:30,520 DEBUG [main] cache:44 - TemplateLoader.findTemplateSource("commons/commons-inject-css.ftl"): Found
2022-10-05 10:16:30,520 DEBUG [main] cache:44 - Loading template for "commons/commons-inject-css.ftl"("en_IN", UTF-8, parsed) from "jar:file:/C:/Users/haseef.rawthar/.m2/repository/com/aventstack/extentreports/4.1.5/extentreports-4.1.5.jar!/com/aventstack/extentreports/view/commons/commons-inject-css.ftl"
2022-10-05 10:16:30,521 DEBUG [main] cache:44 - Couldn't find template in cache for "spark/partials/navbar.ftl"("en_IN", UTF-8, parsed); will try to load it.
2022-10-05 10:16:30,521 DEBUG [main] cache:44 - TemplateLoader.findTemplateSource("spark/partials/navbar_en_IN.ftl"): Not found
2022-10-05 10:16:30,522 DEBUG [main] cache:44 - TemplateLoader.findTemplateSource("spark/partials/navbar_en.ftl"): Not found
2022-10-05 10:16:30,522 DEBUG [main] cache:44 - TemplateLoader.findTemplateSource("spark/partials/navbar.ftl"): Found
2022-10-05 10:16:30,522 DEBUG [main] cache:44 - Loading template for "spark/partials/navbar.ftl"("en_IN", UTF-8, parsed) from "jar:file:/C:/Users/haseef.rawthar/.m2/repository/com/aventstack/extentreports/4.1.5/extentreports-4.1.5.jar!/com/aventstack/extentreports/view/spark/partials/navbar.ftl"
2022-10-05 10:16:30,530 DEBUG [main] cache:44 - Couldn't find template in cache for "spark/partials/sidenav.ftl"("en_IN", UTF-8, parsed); will try to load it.
2022-10-05 10:16:30,530 DEBUG [main] cache:44 - TemplateLoader.findTemplateSource("spark/partials/sidenav_en_IN.ftl"): Not found
2022-10-05 10:16:30,531 DEBUG [main] cache:44 - TemplateLoader.findTemplateSource("spark/partials/sidenav_en.ftl"): Not found
2022-10-05 10:16:30,531 DEBUG [main] cache:44 - TemplateLoader.findTemplateSource("spark/partials/sidenav.ftl"): Found
2022-10-05 10:16:30,531 DEBUG [main] cache:44 - Loading template for "spark/partials/sidenav.ftl"("en_IN", UTF-8, parsed) from "jar:file:/C:/Users/haseef.rawthar/.m2/repository/com/aventstack/extentreports/4.1.5/extentreports-4.1.5.jar!/com/aventstack/extentreports/view/spark/partials/sidenav.ftl"
2022-10-05 10:16:30,533 DEBUG [main] cache:44 - Couldn't find template in cache for "spark/partials/test.ftl"("en_IN", UTF-8, parsed); will try to load it.
2022-10-05 10:16:30,534 DEBUG [main] cache:44 - TemplateLoader.findTemplateSource("spark/partials/test_en_IN.ftl"): Not found
2022-10-05 10:16:30,534 DEBUG [main] cache:44 - TemplateLoader.findTemplateSource("spark/partials/test_en.ftl"): Not found
2022-10-05 10:16:30,534 DEBUG [main] cache:44 - TemplateLoader.findTemplateSource("spark/partials/test.ftl"): Found
2022-10-05 10:16:30,534 DEBUG [main] cache:44 - Loading template for "spark/partials/test.ftl"("en_IN", UTF-8, parsed) from "jar:file:/C:/Users/haseef.rawthar/.m2/repository/com/aventstack/extentreports/4.1.5/extentreports-4.1.5.jar!/com/aventstack/extentreports/view/spark/partials/test.ftl"
2022-10-05 10:16:30,558 DEBUG [main] cache:44 - Couldn't find template in cache for "spark/partials/standard-content.ftl"("en_IN", UTF-8, parsed); will try to load it.
2022-10-05 10:16:30,559 DEBUG [main] cache:44 - TemplateLoader.findTemplateSource("spark/partials/standard-content_en_IN.ftl"): Not found
2022-10-05 10:16:30,559 DEBUG [main] cache:44 - TemplateLoader.findTemplateSource("spark/partials/standard-content_en.ftl"): Not found
2022-10-05 10:16:30,559 DEBUG [main] cache:44 - TemplateLoader.findTemplateSource("spark/partials/standard-content.ftl"): Found
2022-10-05 10:16:30,559 DEBUG [main] cache:44 - Loading template for "spark/partials/standard-content.ftl"("en_IN", UTF-8, parsed) from "jar:file:/C:/Users/haseef.rawthar/.m2/repository/com/aventstack/extentreports/4.1.5/extentreports-4.1.5.jar!/com/aventstack/extentreports/view/spark/partials/standard-content.ftl"
2022-10-05 10:16:30,563 DEBUG [main] cache:44 - Couldn't find template in cache for "spark/partials/tag.ftl"("en_IN", UTF-8, parsed); will try to load it.
2022-10-05 10:16:30,564 DEBUG [main] cache:44 - TemplateLoader.findTemplateSource("spark/partials/tag_en_IN.ftl"): Not found
2022-10-05 10:16:30,564 DEBUG [main] cache:44 - TemplateLoader.findTemplateSource("spark/partials/tag_en.ftl"): Not found
2022-10-05 10:16:30,565 DEBUG [main] cache:44 - TemplateLoader.findTemplateSource("spark/partials/tag.ftl"): Found
2022-10-05 10:16:30,565 DEBUG [main] cache:44 - Loading template for "spark/partials/tag.ftl"("en_IN", UTF-8, parsed) from "jar:file:/C:/Users/haseef.rawthar/.m2/repository/com/aventstack/extentreports/4.1.5/extentreports-4.1.5.jar!/com/aventstack/extentreports/view/spark/partials/tag.ftl"
2022-10-05 10:16:30,569 DEBUG [main] cache:44 - Couldn't find template in cache for "spark/partials/dashboard.ftl"("en_IN", UTF-8, parsed); will try to load it.
2022-10-05 10:16:30,570 DEBUG [main] cache:44 - TemplateLoader.findTemplateSource("spark/partials/dashboard_en_IN.ftl"): Not found
2022-10-05 10:16:30,570 DEBUG [main] cache:44 - TemplateLoader.findTemplateSource("spark/partials/dashboard_en.ftl"): Not found
2022-10-05 10:16:30,571 DEBUG [main] cache:44 - TemplateLoader.findTemplateSource("spark/partials/dashboard.ftl"): Found
2022-10-05 10:16:30,571 DEBUG [main] cache:44 - Loading template for "spark/partials/dashboard.ftl"("en_IN", UTF-8, parsed) from "jar:file:/C:/Users/haseef.rawthar/.m2/repository/com/aventstack/extentreports/4.1.5/extentreports-4.1.5.jar!/com/aventstack/extentreports/view/spark/partials/dashboard.ftl"
2022-10-05 10:16:30,603 DEBUG [main] cache:44 - Couldn't find template in cache for "spark/partials/scripts.ftl"("en_IN", UTF-8, parsed); will try to load it.
2022-10-05 10:16:30,604 DEBUG [main] cache:44 - TemplateLoader.findTemplateSource("spark/partials/scripts_en_IN.ftl"): Not found
2022-10-05 10:16:30,605 DEBUG [main] cache:44 - TemplateLoader.findTemplateSource("spark/partials/scripts_en.ftl"): Not found
2022-10-05 10:16:30,605 DEBUG [main] cache:44 - TemplateLoader.findTemplateSource("spark/partials/scripts.ftl"): Found
2022-10-05 10:16:30,605 DEBUG [main] cache:44 - Loading template for "spark/partials/scripts.ftl"("en_IN", UTF-8, parsed) from "jar:file:/C:/Users/haseef.rawthar/.m2/repository/com/aventstack/extentreports/4.1.5/extentreports-4.1.5.jar!/com/aventstack/extentreports/view/spark/partials/scripts.ftl"
2022-10-05 10:16:30,607 DEBUG [main] cache:44 - Couldn't find template in cache for "commons/commons-inject-js.ftl"("en_IN", UTF-8, parsed); will try to load it.
2022-10-05 10:16:30,607 DEBUG [main] cache:44 - TemplateLoader.findTemplateSource("commons/commons-inject-js_en_IN.ftl"): Not found
2022-10-05 10:16:30,607 DEBUG [main] cache:44 - TemplateLoader.findTemplateSource("commons/commons-inject-js_en.ftl"): Not found
2022-10-05 10:16:30,608 DEBUG [main] cache:44 - TemplateLoader.findTemplateSource("commons/commons-inject-js.ftl"): Found
2022-10-05 10:16:30,608 DEBUG [main] cache:44 - Loading template for "commons/commons-inject-js.ftl"("en_IN", UTF-8, parsed) from "jar:file:/C:/Users/haseef.rawthar/.m2/repository/com/aventstack/extentreports/4.1.5/extentreports-4.1.5.jar!/com/aventstack/extentreports/view/commons/commons-inject-js.ftl"
