2022-10-05 10:02:56,896  INFO [main] SetUp:84 - Report status initiated
2022-10-05 10:03:21,286  INFO [main] SetUp:31 - Entered readExcel method
2022-10-05 10:03:24,039  INFO [main] SetUp:108 - enter testReportResult method 
2022-10-05 10:03:24,465  INFO [main] SetUp:61 - Entered writeCell method
2022-10-05 10:03:24,528  INFO [main] SetUp:61 - Entered writeCell method
2022-10-05 10:03:24,538  INFO [main] SetUp:47 - Entered getValue method
2022-10-05 10:03:24,539  INFO [main] SetUp:47 - Entered getValue method
2022-10-05 10:03:24,873  INFO [main] SetUp:108 - enter testReportResult method 
2022-10-05 10:03:25,165  INFO [main] SetUp:61 - Entered writeCell method
2022-10-05 10:03:25,176  INFO [main] SetUp:61 - Entered writeCell method
2022-10-05 10:03:25,184  INFO [main] SetUp:47 - Entered getValue method
2022-10-05 10:03:25,185  INFO [main] SetUp:47 - Entered getValue method
2022-10-05 10:03:25,929  INFO [main] SetUp:108 - enter testReportResult method 
2022-10-05 10:03:26,248  INFO [main] SetUp:61 - Entered writeCell method
2022-10-05 10:03:26,259  INFO [main] SetUp:61 - Entered writeCell method
2022-10-05 10:03:26,271  INFO [main] SetUp:47 - Entered getValue method
2022-10-05 10:03:26,272  INFO [main] SetUp:47 - Entered getValue method
2022-10-05 10:03:26,853  INFO [main] SetUp:108 - enter testReportResult method 
2022-10-05 10:03:26,899 DEBUG [main] cache:44 - Couldn't find template in cache for "spark/spark.spa.ftl"("en_IN", UTF-8, parsed); will try to load it.
2022-10-05 10:03:26,900 DEBUG [main] cache:44 - TemplateLoader.findTemplateSource("spark/spark.spa_en_IN.ftl"): Not found
2022-10-05 10:03:26,901 DEBUG [main] cache:44 - TemplateLoader.findTemplateSource("spark/spark.spa_en.ftl"): Not found
2022-10-05 10:03:26,901 DEBUG [main] cache:44 - TemplateLoader.findTemplateSource("spark/spark.spa.ftl"): Found
2022-10-05 10:03:26,901 DEBUG [main] cache:44 - Loading template for "spark/spark.spa.ftl"("en_IN", UTF-8, parsed) from "jar:file:/C:/Users/haseef.rawthar/.m2/repository/com/aventstack/extentreports/4.1.5/extentreports-4.1.5.jar!/com/aventstack/extentreports/view/spark/spark.spa.ftl"
2022-10-05 10:03:27,013 DEBUG [main] cache:44 - Couldn't find template in cache for "commons/commons-variables.ftl"("en_IN", UTF-8, parsed); will try to load it.
2022-10-05 10:03:27,014 DEBUG [main] cache:44 - TemplateLoader.findTemplateSource("commons/commons-variables_en_IN.ftl"): Not found
2022-10-05 10:03:27,014 DEBUG [main] cache:44 - TemplateLoader.findTemplateSource("commons/commons-variables_en.ftl"): Not found
2022-10-05 10:03:27,014 DEBUG [main] cache:44 - TemplateLoader.findTemplateSource("commons/commons-variables.ftl"): Found
2022-10-05 10:03:27,015 DEBUG [main] cache:44 - Loading template for "commons/commons-variables.ftl"("en_IN", UTF-8, parsed) from "jar:file:/C:/Users/haseef.rawthar/.m2/repository/com/aventstack/extentreports/4.1.5/extentreports-4.1.5.jar!/com/aventstack/extentreports/view/commons/commons-variables.ftl"
2022-10-05 10:03:27,049 DEBUG [main] cache:44 - Couldn't find template in cache for "commons/commons-macros.ftl"("en_IN", UTF-8, parsed); will try to load it.
2022-10-05 10:03:27,050 DEBUG [main] cache:44 - TemplateLoader.findTemplateSource("commons/commons-macros_en_IN.ftl"): Not found
2022-10-05 10:03:27,050 DEBUG [main] cache:44 - TemplateLoader.findTemplateSource("commons/commons-macros_en.ftl"): Not found
2022-10-05 10:03:27,051 DEBUG [main] cache:44 - TemplateLoader.findTemplateSource("commons/commons-macros.ftl"): Found
2022-10-05 10:03:27,051 DEBUG [main] cache:44 - Loading template for "commons/commons-macros.ftl"("en_IN", UTF-8, parsed) from "jar:file:/C:/Users/haseef.rawthar/.m2/repository/com/aventstack/extentreports/4.1.5/extentreports-4.1.5.jar!/com/aventstack/extentreports/view/commons/commons-macros.ftl"
2022-10-05 10:03:27,058 DEBUG [main] cache:44 - Couldn't find template in cache for "spark/macros/attributes.ftl"("en_IN", UTF-8, parsed); will try to load it.
2022-10-05 10:03:27,059 DEBUG [main] cache:44 - TemplateLoader.findTemplateSource("spark/macros/attributes_en_IN.ftl"): Not found
2022-10-05 10:03:27,060 DEBUG [main] cache:44 - TemplateLoader.findTemplateSource("spark/macros/attributes_en.ftl"): Not found
2022-10-05 10:03:27,060 DEBUG [main] cache:44 - TemplateLoader.findTemplateSource("spark/macros/attributes.ftl"): Found
2022-10-05 10:03:27,060 DEBUG [main] cache:44 - Loading template for "spark/macros/attributes.ftl"("en_IN", UTF-8, parsed) from "jar:file:/C:/Users/haseef.rawthar/.m2/repository/com/aventstack/extentreports/4.1.5/extentreports-4.1.5.jar!/com/aventstack/extentreports/view/spark/macros/attributes.ftl"
2022-10-05 10:03:27,062 DEBUG [main] cache:44 - Couldn't find template in cache for "spark/macros/log.ftl"("en_IN", UTF-8, parsed); will try to load it.
2022-10-05 10:03:27,062 DEBUG [main] cache:44 - TemplateLoader.findTemplateSource("spark/macros/log_en_IN.ftl"): Not found
2022-10-05 10:03:27,062 DEBUG [main] cache:44 - TemplateLoader.findTemplateSource("spark/macros/log_en.ftl"): Not found
2022-10-05 10:03:27,063 DEBUG [main] cache:44 - TemplateLoader.findTemplateSource("spark/macros/log.ftl"): Found
2022-10-05 10:03:27,063 DEBUG [main] cache:44 - Loading template for "spark/macros/log.ftl"("en_IN", UTF-8, parsed) from "jar:file:/C:/Users/haseef.rawthar/.m2/repository/com/aventstack/extentreports/4.1.5/extentreports-4.1.5.jar!/com/aventstack/extentreports/view/spark/macros/log.ftl"
2022-10-05 10:03:27,064 DEBUG [main] cache:44 - Couldn't find template in cache for "spark/macros/recurse_nodes.ftl"("en_IN", UTF-8, parsed); will try to load it.
2022-10-05 10:03:27,065 DEBUG [main] cache:44 - TemplateLoader.findTemplateSource("spark/macros/recurse_nodes_en_IN.ftl"): Not found
2022-10-05 10:03:27,065 DEBUG [main] cache:44 - TemplateLoader.findTemplateSource("spark/macros/recurse_nodes_en.ftl"): Not found
2022-10-05 10:03:27,065 DEBUG [main] cache:44 - TemplateLoader.findTemplateSource("spark/macros/recurse_nodes.ftl"): Found
2022-10-05 10:03:27,065 DEBUG [main] cache:44 - Loading template for "spark/macros/recurse_nodes.ftl"("en_IN", UTF-8, parsed) from "jar:file:/C:/Users/haseef.rawthar/.m2/repository/com/aventstack/extentreports/4.1.5/extentreports-4.1.5.jar!/com/aventstack/extentreports/view/spark/macros/recurse_nodes.ftl"
2022-10-05 10:03:27,066 DEBUG [main] cache:44 - "spark/macros/log.ftl"("en_IN", UTF-8, parsed) cached copy not yet stale; using cached.
2022-10-05 10:03:27,069 DEBUG [main] cache:44 - Couldn't find template in cache for "spark/partials/head.ftl"("en_IN", UTF-8, parsed); will try to load it.
2022-10-05 10:03:27,069 DEBUG [main] cache:44 - TemplateLoader.findTemplateSource("spark/partials/head_en_IN.ftl"): Not found
2022-10-05 10:03:27,069 DEBUG [main] cache:44 - TemplateLoader.findTemplateSource("spark/partials/head_en.ftl"): Not found
2022-10-05 10:03:27,069 DEBUG [main] cache:44 - TemplateLoader.findTemplateSource("spark/partials/head.ftl"): Found
2022-10-05 10:03:27,070 DEBUG [main] cache:44 - Loading template for "spark/partials/head.ftl"("en_IN", UTF-8, parsed) from "jar:file:/C:/Users/haseef.rawthar/.m2/repository/com/aventstack/extentreports/4.1.5/extentreports-4.1.5.jar!/com/aventstack/extentreports/view/spark/partials/head.ftl"
2022-10-05 10:03:27,071 DEBUG [main] cache:44 - Couldn't find template in cache for "commons/commons-inject-css.ftl"("en_IN", UTF-8, parsed); will try to load it.
2022-10-05 10:03:27,071 DEBUG [main] cache:44 - TemplateLoader.findTemplateSource("commons/commons-inject-css_en_IN.ftl"): Not found
2022-10-05 10:03:27,072 DEBUG [main] cache:44 - TemplateLoader.findTemplateSource("commons/commons-inject-css_en.ftl"): Not found
2022-10-05 10:03:27,072 DEBUG [main] cache:44 - TemplateLoader.findTemplateSource("commons/commons-inject-css.ftl"): Found
2022-10-05 10:03:27,072 DEBUG [main] cache:44 - Loading template for "commons/commons-inject-css.ftl"("en_IN", UTF-8, parsed) from "jar:file:/C:/Users/haseef.rawthar/.m2/repository/com/aventstack/extentreports/4.1.5/extentreports-4.1.5.jar!/com/aventstack/extentreports/view/commons/commons-inject-css.ftl"
2022-10-05 10:03:27,073 DEBUG [main] cache:44 - Couldn't find template in cache for "spark/partials/navbar.ftl"("en_IN", UTF-8, parsed); will try to load it.
2022-10-05 10:03:27,073 DEBUG [main] cache:44 - TemplateLoader.findTemplateSource("spark/partials/navbar_en_IN.ftl"): Not found
2022-10-05 10:03:27,073 DEBUG [main] cache:44 - TemplateLoader.findTemplateSource("spark/partials/navbar_en.ftl"): Not found
2022-10-05 10:03:27,073 DEBUG [main] cache:44 - TemplateLoader.findTemplateSource("spark/partials/navbar.ftl"): Found
2022-10-05 10:03:27,074 DEBUG [main] cache:44 - Loading template for "spark/partials/navbar.ftl"("en_IN", UTF-8, parsed) from "jar:file:/C:/Users/haseef.rawthar/.m2/repository/com/aventstack/extentreports/4.1.5/extentreports-4.1.5.jar!/com/aventstack/extentreports/view/spark/partials/navbar.ftl"
2022-10-05 10:03:27,082 DEBUG [main] cache:44 - Couldn't find template in cache for "spark/partials/sidenav.ftl"("en_IN", UTF-8, parsed); will try to load it.
2022-10-05 10:03:27,083 DEBUG [main] cache:44 - TemplateLoader.findTemplateSource("spark/partials/sidenav_en_IN.ftl"): Not found
2022-10-05 10:03:27,083 DEBUG [main] cache:44 - TemplateLoader.findTemplateSource("spark/partials/sidenav_en.ftl"): Not found
2022-10-05 10:03:27,083 DEBUG [main] cache:44 - TemplateLoader.findTemplateSource("spark/partials/sidenav.ftl"): Found
2022-10-05 10:03:27,084 DEBUG [main] cache:44 - Loading template for "spark/partials/sidenav.ftl"("en_IN", UTF-8, parsed) from "jar:file:/C:/Users/haseef.rawthar/.m2/repository/com/aventstack/extentreports/4.1.5/extentreports-4.1.5.jar!/com/aventstack/extentreports/view/spark/partials/sidenav.ftl"
2022-10-05 10:03:27,085 DEBUG [main] cache:44 - Couldn't find template in cache for "spark/partials/test.ftl"("en_IN", UTF-8, parsed); will try to load it.
2022-10-05 10:03:27,086 DEBUG [main] cache:44 - TemplateLoader.findTemplateSource("spark/partials/test_en_IN.ftl"): Not found
2022-10-05 10:03:27,086 DEBUG [main] cache:44 - TemplateLoader.findTemplateSource("spark/partials/test_en.ftl"): Not found
2022-10-05 10:03:27,087 DEBUG [main] cache:44 - TemplateLoader.findTemplateSource("spark/partials/test.ftl"): Found
2022-10-05 10:03:27,087 DEBUG [main] cache:44 - Loading template for "spark/partials/test.ftl"("en_IN", UTF-8, parsed) from "jar:file:/C:/Users/haseef.rawthar/.m2/repository/com/aventstack/extentreports/4.1.5/extentreports-4.1.5.jar!/com/aventstack/extentreports/view/spark/partials/test.ftl"
2022-10-05 10:03:27,109 DEBUG [main] cache:44 - Couldn't find template in cache for "spark/partials/standard-content.ftl"("en_IN", UTF-8, parsed); will try to load it.
2022-10-05 10:03:27,109 DEBUG [main] cache:44 - TemplateLoader.findTemplateSource("spark/partials/standard-content_en_IN.ftl"): Not found
2022-10-05 10:03:27,109 DEBUG [main] cache:44 - TemplateLoader.findTemplateSource("spark/partials/standard-content_en.ftl"): Not found
2022-10-05 10:03:27,110 DEBUG [main] cache:44 - TemplateLoader.findTemplateSource("spark/partials/standard-content.ftl"): Found
2022-10-05 10:03:27,110 DEBUG [main] cache:44 - Loading template for "spark/partials/standard-content.ftl"("en_IN", UTF-8, parsed) from "jar:file:/C:/Users/haseef.rawthar/.m2/repository/com/aventstack/extentreports/4.1.5/extentreports-4.1.5.jar!/com/aventstack/extentreports/view/spark/partials/standard-content.ftl"
2022-10-05 10:03:27,113 DEBUG [main] cache:44 - Couldn't find template in cache for "spark/partials/tag.ftl"("en_IN", UTF-8, parsed); will try to load it.
2022-10-05 10:03:27,113 DEBUG [main] cache:44 - TemplateLoader.findTemplateSource("spark/partials/tag_en_IN.ftl"): Not found
2022-10-05 10:03:27,114 DEBUG [main] cache:44 - TemplateLoader.findTemplateSource("spark/partials/tag_en.ftl"): Not found
2022-10-05 10:03:27,114 DEBUG [main] cache:44 - TemplateLoader.findTemplateSource("spark/partials/tag.ftl"): Found
2022-10-05 10:03:27,114 DEBUG [main] cache:44 - Loading template for "spark/partials/tag.ftl"("en_IN", UTF-8, parsed) from "jar:file:/C:/Users/haseef.rawthar/.m2/repository/com/aventstack/extentreports/4.1.5/extentreports-4.1.5.jar!/com/aventstack/extentreports/view/spark/partials/tag.ftl"
2022-10-05 10:03:27,117 DEBUG [main] cache:44 - Couldn't find template in cache for "spark/partials/dashboard.ftl"("en_IN", UTF-8, parsed); will try to load it.
2022-10-05 10:03:27,117 DEBUG [main] cache:44 - TemplateLoader.findTemplateSource("spark/partials/dashboard_en_IN.ftl"): Not found
2022-10-05 10:03:27,118 DEBUG [main] cache:44 - TemplateLoader.findTemplateSource("spark/partials/dashboard_en.ftl"): Not found
2022-10-05 10:03:27,118 DEBUG [main] cache:44 - TemplateLoader.findTemplateSource("spark/partials/dashboard.ftl"): Found
2022-10-05 10:03:27,118 DEBUG [main] cache:44 - Loading template for "spark/partials/dashboard.ftl"("en_IN", UTF-8, parsed) from "jar:file:/C:/Users/haseef.rawthar/.m2/repository/com/aventstack/extentreports/4.1.5/extentreports-4.1.5.jar!/com/aventstack/extentreports/view/spark/partials/dashboard.ftl"
2022-10-05 10:03:27,139 DEBUG [main] cache:44 - Couldn't find template in cache for "spark/partials/scripts.ftl"("en_IN", UTF-8, parsed); will try to load it.
2022-10-05 10:03:27,139 DEBUG [main] cache:44 - TemplateLoader.findTemplateSource("spark/partials/scripts_en_IN.ftl"): Not found
2022-10-05 10:03:27,139 DEBUG [main] cache:44 - TemplateLoader.findTemplateSource("spark/partials/scripts_en.ftl"): Not found
2022-10-05 10:03:27,140 DEBUG [main] cache:44 - TemplateLoader.findTemplateSource("spark/partials/scripts.ftl"): Found
2022-10-05 10:03:27,140 DEBUG [main] cache:44 - Loading template for "spark/partials/scripts.ftl"("en_IN", UTF-8, parsed) from "jar:file:/C:/Users/haseef.rawthar/.m2/repository/com/aventstack/extentreports/4.1.5/extentreports-4.1.5.jar!/com/aventstack/extentreports/view/spark/partials/scripts.ftl"
2022-10-05 10:03:27,140 DEBUG [main] cache:44 - Couldn't find template in cache for "commons/commons-inject-js.ftl"("en_IN", UTF-8, parsed); will try to load it.
2022-10-05 10:03:27,141 DEBUG [main] cache:44 - TemplateLoader.findTemplateSource("commons/commons-inject-js_en_IN.ftl"): Not found
2022-10-05 10:03:27,141 DEBUG [main] cache:44 - TemplateLoader.findTemplateSource("commons/commons-inject-js_en.ftl"): Not found
2022-10-05 10:03:27,142 DEBUG [main] cache:44 - TemplateLoader.findTemplateSource("commons/commons-inject-js.ftl"): Found
2022-10-05 10:03:27,142 DEBUG [main] cache:44 - Loading template for "commons/commons-inject-js.ftl"("en_IN", UTF-8, parsed) from "jar:file:/C:/Users/haseef.rawthar/.m2/repository/com/aventstack/extentreports/4.1.5/extentreports-4.1.5.jar!/com/aventstack/extentreports/view/commons/commons-inject-js.ftl"
