2022-10-05 09:51:26,857  INFO [main] SetUp:84 - Report status initiated
2022-10-05 09:51:38,181  INFO [main] SetUp:108 - enter testReportResult method 
2022-10-05 09:51:38,184  INFO [main] SetUp:125 - java.lang.NullPointerException: Cannot invoke "com.NopCommerce.utility.Utilities.getScreenshot(org.openqa.selenium.WebDriver, String)" because "com.NopCommerce.baseclass.SetUp.utilsObj" is null
2022-10-05 09:51:38,236 DEBUG [main] cache:44 - Couldn't find template in cache for "spark/spark.spa.ftl"("en_IN", UTF-8, parsed); will try to load it.
2022-10-05 09:51:38,237 DEBUG [main] cache:44 - TemplateLoader.findTemplateSource("spark/spark.spa_en_IN.ftl"): Not found
2022-10-05 09:51:38,239 DEBUG [main] cache:44 - TemplateLoader.findTemplateSource("spark/spark.spa_en.ftl"): Not found
2022-10-05 09:51:38,241 DEBUG [main] cache:44 - TemplateLoader.findTemplateSource("spark/spark.spa.ftl"): Found
2022-10-05 09:51:38,241 DEBUG [main] cache:44 - Loading template for "spark/spark.spa.ftl"("en_IN", UTF-8, parsed) from "jar:file:/C:/Users/haseef.rawthar/.m2/repository/com/aventstack/extentreports/4.1.5/extentreports-4.1.5.jar!/com/aventstack/extentreports/view/spark/spark.spa.ftl"
2022-10-05 09:51:38,368 DEBUG [main] cache:44 - Couldn't find template in cache for "commons/commons-variables.ftl"("en_IN", UTF-8, parsed); will try to load it.
2022-10-05 09:51:38,369 DEBUG [main] cache:44 - TemplateLoader.findTemplateSource("commons/commons-variables_en_IN.ftl"): Not found
2022-10-05 09:51:38,369 DEBUG [main] cache:44 - TemplateLoader.findTemplateSource("commons/commons-variables_en.ftl"): Not found
2022-10-05 09:51:38,370 DEBUG [main] cache:44 - TemplateLoader.findTemplateSource("commons/commons-variables.ftl"): Found
2022-10-05 09:51:38,370 DEBUG [main] cache:44 - Loading template for "commons/commons-variables.ftl"("en_IN", UTF-8, parsed) from "jar:file:/C:/Users/haseef.rawthar/.m2/repository/com/aventstack/extentreports/4.1.5/extentreports-4.1.5.jar!/com/aventstack/extentreports/view/commons/commons-variables.ftl"
2022-10-05 09:51:38,407 DEBUG [main] cache:44 - Couldn't find template in cache for "commons/commons-macros.ftl"("en_IN", UTF-8, parsed); will try to load it.
2022-10-05 09:51:38,407 DEBUG [main] cache:44 - TemplateLoader.findTemplateSource("commons/commons-macros_en_IN.ftl"): Not found
2022-10-05 09:51:38,408 DEBUG [main] cache:44 - TemplateLoader.findTemplateSource("commons/commons-macros_en.ftl"): Not found
2022-10-05 09:51:38,409 DEBUG [main] cache:44 - TemplateLoader.findTemplateSource("commons/commons-macros.ftl"): Found
2022-10-05 09:51:38,409 DEBUG [main] cache:44 - Loading template for "commons/commons-macros.ftl"("en_IN", UTF-8, parsed) from "jar:file:/C:/Users/haseef.rawthar/.m2/repository/com/aventstack/extentreports/4.1.5/extentreports-4.1.5.jar!/com/aventstack/extentreports/view/commons/commons-macros.ftl"
2022-10-05 09:51:38,417 DEBUG [main] cache:44 - Couldn't find template in cache for "spark/macros/attributes.ftl"("en_IN", UTF-8, parsed); will try to load it.
2022-10-05 09:51:38,418 DEBUG [main] cache:44 - TemplateLoader.findTemplateSource("spark/macros/attributes_en_IN.ftl"): Not found
2022-10-05 09:51:38,418 DEBUG [main] cache:44 - TemplateLoader.findTemplateSource("spark/macros/attributes_en.ftl"): Not found
2022-10-05 09:51:38,418 DEBUG [main] cache:44 - TemplateLoader.findTemplateSource("spark/macros/attributes.ftl"): Found
2022-10-05 09:51:38,419 DEBUG [main] cache:44 - Loading template for "spark/macros/attributes.ftl"("en_IN", UTF-8, parsed) from "jar:file:/C:/Users/haseef.rawthar/.m2/repository/com/aventstack/extentreports/4.1.5/extentreports-4.1.5.jar!/com/aventstack/extentreports/view/spark/macros/attributes.ftl"
2022-10-05 09:51:38,420 DEBUG [main] cache:44 - Couldn't find template in cache for "spark/macros/log.ftl"("en_IN", UTF-8, parsed); will try to load it.
2022-10-05 09:51:38,420 DEBUG [main] cache:44 - TemplateLoader.findTemplateSource("spark/macros/log_en_IN.ftl"): Not found
2022-10-05 09:51:38,421 DEBUG [main] cache:44 - TemplateLoader.findTemplateSource("spark/macros/log_en.ftl"): Not found
2022-10-05 09:51:38,421 DEBUG [main] cache:44 - TemplateLoader.findTemplateSource("spark/macros/log.ftl"): Found
2022-10-05 09:51:38,421 DEBUG [main] cache:44 - Loading template for "spark/macros/log.ftl"("en_IN", UTF-8, parsed) from "jar:file:/C:/Users/haseef.rawthar/.m2/repository/com/aventstack/extentreports/4.1.5/extentreports-4.1.5.jar!/com/aventstack/extentreports/view/spark/macros/log.ftl"
2022-10-05 09:51:38,422 DEBUG [main] cache:44 - Couldn't find template in cache for "spark/macros/recurse_nodes.ftl"("en_IN", UTF-8, parsed); will try to load it.
2022-10-05 09:51:38,423 DEBUG [main] cache:44 - TemplateLoader.findTemplateSource("spark/macros/recurse_nodes_en_IN.ftl"): Not found
2022-10-05 09:51:38,423 DEBUG [main] cache:44 - TemplateLoader.findTemplateSource("spark/macros/recurse_nodes_en.ftl"): Not found
2022-10-05 09:51:38,423 DEBUG [main] cache:44 - TemplateLoader.findTemplateSource("spark/macros/recurse_nodes.ftl"): Found
2022-10-05 09:51:38,423 DEBUG [main] cache:44 - Loading template for "spark/macros/recurse_nodes.ftl"("en_IN", UTF-8, parsed) from "jar:file:/C:/Users/haseef.rawthar/.m2/repository/com/aventstack/extentreports/4.1.5/extentreports-4.1.5.jar!/com/aventstack/extentreports/view/spark/macros/recurse_nodes.ftl"
2022-10-05 09:51:38,425 DEBUG [main] cache:44 - "spark/macros/log.ftl"("en_IN", UTF-8, parsed) cached copy not yet stale; using cached.
2022-10-05 09:51:38,427 DEBUG [main] cache:44 - Couldn't find template in cache for "spark/partials/head.ftl"("en_IN", UTF-8, parsed); will try to load it.
2022-10-05 09:51:38,427 DEBUG [main] cache:44 - TemplateLoader.findTemplateSource("spark/partials/head_en_IN.ftl"): Not found
2022-10-05 09:51:38,427 DEBUG [main] cache:44 - TemplateLoader.findTemplateSource("spark/partials/head_en.ftl"): Not found
2022-10-05 09:51:38,428 DEBUG [main] cache:44 - TemplateLoader.findTemplateSource("spark/partials/head.ftl"): Found
2022-10-05 09:51:38,428 DEBUG [main] cache:44 - Loading template for "spark/partials/head.ftl"("en_IN", UTF-8, parsed) from "jar:file:/C:/Users/haseef.rawthar/.m2/repository/com/aventstack/extentreports/4.1.5/extentreports-4.1.5.jar!/com/aventstack/extentreports/view/spark/partials/head.ftl"
2022-10-05 09:51:38,431 DEBUG [main] cache:44 - Couldn't find template in cache for "commons/commons-inject-css.ftl"("en_IN", UTF-8, parsed); will try to load it.
2022-10-05 09:51:38,432 DEBUG [main] cache:44 - TemplateLoader.findTemplateSource("commons/commons-inject-css_en_IN.ftl"): Not found
2022-10-05 09:51:38,432 DEBUG [main] cache:44 - TemplateLoader.findTemplateSource("commons/commons-inject-css_en.ftl"): Not found
2022-10-05 09:51:38,433 DEBUG [main] cache:44 - TemplateLoader.findTemplateSource("commons/commons-inject-css.ftl"): Found
2022-10-05 09:51:38,433 DEBUG [main] cache:44 - Loading template for "commons/commons-inject-css.ftl"("en_IN", UTF-8, parsed) from "jar:file:/C:/Users/haseef.rawthar/.m2/repository/com/aventstack/extentreports/4.1.5/extentreports-4.1.5.jar!/com/aventstack/extentreports/view/commons/commons-inject-css.ftl"
2022-10-05 09:51:38,434 DEBUG [main] cache:44 - Couldn't find template in cache for "spark/partials/navbar.ftl"("en_IN", UTF-8, parsed); will try to load it.
2022-10-05 09:51:38,434 DEBUG [main] cache:44 - TemplateLoader.findTemplateSource("spark/partials/navbar_en_IN.ftl"): Not found
2022-10-05 09:51:38,435 DEBUG [main] cache:44 - TemplateLoader.findTemplateSource("spark/partials/navbar_en.ftl"): Not found
2022-10-05 09:51:38,435 DEBUG [main] cache:44 - TemplateLoader.findTemplateSource("spark/partials/navbar.ftl"): Found
2022-10-05 09:51:38,435 DEBUG [main] cache:44 - Loading template for "spark/partials/navbar.ftl"("en_IN", UTF-8, parsed) from "jar:file:/C:/Users/haseef.rawthar/.m2/repository/com/aventstack/extentreports/4.1.5/extentreports-4.1.5.jar!/com/aventstack/extentreports/view/spark/partials/navbar.ftl"
2022-10-05 09:51:38,442 DEBUG [main] cache:44 - Couldn't find template in cache for "spark/partials/sidenav.ftl"("en_IN", UTF-8, parsed); will try to load it.
2022-10-05 09:51:38,442 DEBUG [main] cache:44 - TemplateLoader.findTemplateSource("spark/partials/sidenav_en_IN.ftl"): Not found
2022-10-05 09:51:38,443 DEBUG [main] cache:44 - TemplateLoader.findTemplateSource("spark/partials/sidenav_en.ftl"): Not found
2022-10-05 09:51:38,443 DEBUG [main] cache:44 - TemplateLoader.findTemplateSource("spark/partials/sidenav.ftl"): Found
2022-10-05 09:51:38,443 DEBUG [main] cache:44 - Loading template for "spark/partials/sidenav.ftl"("en_IN", UTF-8, parsed) from "jar:file:/C:/Users/haseef.rawthar/.m2/repository/com/aventstack/extentreports/4.1.5/extentreports-4.1.5.jar!/com/aventstack/extentreports/view/spark/partials/sidenav.ftl"
2022-10-05 09:51:38,446 DEBUG [main] cache:44 - Couldn't find template in cache for "spark/partials/test.ftl"("en_IN", UTF-8, parsed); will try to load it.
2022-10-05 09:51:38,446 DEBUG [main] cache:44 - TemplateLoader.findTemplateSource("spark/partials/test_en_IN.ftl"): Not found
2022-10-05 09:51:38,447 DEBUG [main] cache:44 - TemplateLoader.findTemplateSource("spark/partials/test_en.ftl"): Not found
2022-10-05 09:51:38,447 DEBUG [main] cache:44 - TemplateLoader.findTemplateSource("spark/partials/test.ftl"): Found
2022-10-05 09:51:38,447 DEBUG [main] cache:44 - Loading template for "spark/partials/test.ftl"("en_IN", UTF-8, parsed) from "jar:file:/C:/Users/haseef.rawthar/.m2/repository/com/aventstack/extentreports/4.1.5/extentreports-4.1.5.jar!/com/aventstack/extentreports/view/spark/partials/test.ftl"
2022-10-05 09:51:38,472 DEBUG [main] cache:44 - Couldn't find template in cache for "spark/partials/standard-content.ftl"("en_IN", UTF-8, parsed); will try to load it.
2022-10-05 09:51:38,473 DEBUG [main] cache:44 - TemplateLoader.findTemplateSource("spark/partials/standard-content_en_IN.ftl"): Not found
2022-10-05 09:51:38,473 DEBUG [main] cache:44 - TemplateLoader.findTemplateSource("spark/partials/standard-content_en.ftl"): Not found
2022-10-05 09:51:38,474 DEBUG [main] cache:44 - TemplateLoader.findTemplateSource("spark/partials/standard-content.ftl"): Found
2022-10-05 09:51:38,474 DEBUG [main] cache:44 - Loading template for "spark/partials/standard-content.ftl"("en_IN", UTF-8, parsed) from "jar:file:/C:/Users/haseef.rawthar/.m2/repository/com/aventstack/extentreports/4.1.5/extentreports-4.1.5.jar!/com/aventstack/extentreports/view/spark/partials/standard-content.ftl"
2022-10-05 09:51:38,477 DEBUG [main] cache:44 - Couldn't find template in cache for "spark/partials/tag.ftl"("en_IN", UTF-8, parsed); will try to load it.
2022-10-05 09:51:38,478 DEBUG [main] cache:44 - TemplateLoader.findTemplateSource("spark/partials/tag_en_IN.ftl"): Not found
2022-10-05 09:51:38,478 DEBUG [main] cache:44 - TemplateLoader.findTemplateSource("spark/partials/tag_en.ftl"): Not found
2022-10-05 09:51:38,478 DEBUG [main] cache:44 - TemplateLoader.findTemplateSource("spark/partials/tag.ftl"): Found
2022-10-05 09:51:38,479 DEBUG [main] cache:44 - Loading template for "spark/partials/tag.ftl"("en_IN", UTF-8, parsed) from "jar:file:/C:/Users/haseef.rawthar/.m2/repository/com/aventstack/extentreports/4.1.5/extentreports-4.1.5.jar!/com/aventstack/extentreports/view/spark/partials/tag.ftl"
2022-10-05 09:51:38,482 DEBUG [main] cache:44 - Couldn't find template in cache for "spark/partials/dashboard.ftl"("en_IN", UTF-8, parsed); will try to load it.
2022-10-05 09:51:38,483 DEBUG [main] cache:44 - TemplateLoader.findTemplateSource("spark/partials/dashboard_en_IN.ftl"): Not found
2022-10-05 09:51:38,483 DEBUG [main] cache:44 - TemplateLoader.findTemplateSource("spark/partials/dashboard_en.ftl"): Not found
2022-10-05 09:51:38,483 DEBUG [main] cache:44 - TemplateLoader.findTemplateSource("spark/partials/dashboard.ftl"): Found
2022-10-05 09:51:38,484 DEBUG [main] cache:44 - Loading template for "spark/partials/dashboard.ftl"("en_IN", UTF-8, parsed) from "jar:file:/C:/Users/haseef.rawthar/.m2/repository/com/aventstack/extentreports/4.1.5/extentreports-4.1.5.jar!/com/aventstack/extentreports/view/spark/partials/dashboard.ftl"
2022-10-05 09:51:38,507 DEBUG [main] cache:44 - Couldn't find template in cache for "spark/partials/scripts.ftl"("en_IN", UTF-8, parsed); will try to load it.
2022-10-05 09:51:38,507 DEBUG [main] cache:44 - TemplateLoader.findTemplateSource("spark/partials/scripts_en_IN.ftl"): Not found
2022-10-05 09:51:38,509 DEBUG [main] cache:44 - TemplateLoader.findTemplateSource("spark/partials/scripts_en.ftl"): Not found
2022-10-05 09:51:38,509 DEBUG [main] cache:44 - TemplateLoader.findTemplateSource("spark/partials/scripts.ftl"): Found
2022-10-05 09:51:38,509 DEBUG [main] cache:44 - Loading template for "spark/partials/scripts.ftl"("en_IN", UTF-8, parsed) from "jar:file:/C:/Users/haseef.rawthar/.m2/repository/com/aventstack/extentreports/4.1.5/extentreports-4.1.5.jar!/com/aventstack/extentreports/view/spark/partials/scripts.ftl"
2022-10-05 09:51:38,510 DEBUG [main] cache:44 - Couldn't find template in cache for "commons/commons-inject-js.ftl"("en_IN", UTF-8, parsed); will try to load it.
2022-10-05 09:51:38,511 DEBUG [main] cache:44 - TemplateLoader.findTemplateSource("commons/commons-inject-js_en_IN.ftl"): Not found
2022-10-05 09:51:38,511 DEBUG [main] cache:44 - TemplateLoader.findTemplateSource("commons/commons-inject-js_en.ftl"): Not found
2022-10-05 09:51:38,511 DEBUG [main] cache:44 - TemplateLoader.findTemplateSource("commons/commons-inject-js.ftl"): Found
2022-10-05 09:51:38,511 DEBUG [main] cache:44 - Loading template for "commons/commons-inject-js.ftl"("en_IN", UTF-8, parsed) from "jar:file:/C:/Users/haseef.rawthar/.m2/repository/com/aventstack/extentreports/4.1.5/extentreports-4.1.5.jar!/com/aventstack/extentreports/view/commons/commons-inject-js.ftl"
